GowinSynthesis start
Running parser ...
Analyzing Verilog file 'D:\code\verilog\uart\gowin\fpga_project\src\baud_rate_gen.v'
Analyzing Verilog file 'D:\code\verilog\uart\gowin\fpga_project\src\uart_rx.v'
Analyzing Verilog file 'D:\code\verilog\uart\gowin\fpga_project\src\uart_tx.v'
Analyzing Verilog file 'D:\code\verilog\uart\gowin\fpga_project\src\top_stm_add_led.v'
Compiling module 'top_add'("D:\code\verilog\uart\gowin\fpga_project\src\top_stm_add_led.v":8)
Compiling module 'baud_rate_gen'("D:\code\verilog\uart\gowin\fpga_project\src\baud_rate_gen.v":4)
Compiling module 'transmitter'("D:\code\verilog\uart\gowin\fpga_project\src\uart_tx.v":3)
WARN  (EX3858) : System task 'display' is ignored for synthesis("D:\code\verilog\uart\gowin\fpga_project\src\uart_tx.v":63)
Compiling module 'receiver'("D:\code\verilog\uart\gowin\fpga_project\src\uart_rx.v":1)
WARN  (EX3791) : Expression size 5 truncated to fit in target size 4("D:\code\verilog\uart\gowin\fpga_project\src\uart_rx.v":88)
WARN  (EX3791) : Expression size 4 truncated to fit in target size 3("D:\code\verilog\uart\gowin\fpga_project\src\uart_rx.v":98)
WARN  (EX3791) : Expression size 32 truncated to fit in target size 6("D:\code\verilog\uart\gowin\fpga_project\src\top_stm_add_led.v":106)
WARN  (EX3791) : Expression size 32 truncated to fit in target size 6("D:\code\verilog\uart\gowin\fpga_project\src\top_stm_add_led.v":119)
WARN  (EX1998) : Net 'tx_data[7]' does not have a driver("D:\code\verilog\uart\gowin\fpga_project\src\top_stm_add_led.v":39)
NOTE  (EX0101) : Current top module is "top_add"
[5%] Running netlist conversion ...
Running device independent optimization ...
[10%] Optimizing Phase 0 completed
[15%] Optimizing Phase 1 completed
[25%] Optimizing Phase 2 completed
Running inference ...
[30%] Inferring Phase 0 completed
[40%] Inferring Phase 1 completed
[50%] Inferring Phase 2 completed
[55%] Inferring Phase 3 completed
Running technical mapping ...
[60%] Tech-Mapping Phase 0 completed
[65%] Tech-Mapping Phase 1 completed
[75%] Tech-Mapping Phase 2 completed
[80%] Tech-Mapping Phase 3 completed
[90%] Tech-Mapping Phase 4 completed
[95%] Generate netlist file "D:\code\verilog\uart\gowin\fpga_project\impl\gwsynthesis\fpga_project.vg" completed
[100%] Generate report file "D:\code\verilog\uart\gowin\fpga_project\impl\gwsynthesis\fpga_project_syn.rpt.html" completed
GowinSynthesis finish
